{"name": "test_del_first", "status": "broken", "statusDetails": {"message": "selenium.common.exceptions.TimeoutException: Message: \nStacktrace:\nBacktrace:\n\t(No symbol) [0x009D6643]\n\t(No symbol) [0x0096BE21]\n\t(No symbol) [0x0086DA9D]\n\t(No symbol) [0x008A1342]\n\t(No symbol) [0x008A147B]\n\t(No symbol) [0x008D8DC2]\n\t(No symbol) [0x008BFDC4]\n\t(No symbol) [0x008D6B09]\n\t(No symbol) [0x008BFB76]\n\t(No symbol) [0x008949C1]\n\t(No symbol) [0x00895E5D]\n\tGetHandleVerifier [0x00C4A142+2497106]\n\tGetHandleVerifier [0x00C785D3+2686691]\n\tGetHandleVerifier [0x00C7BB9C+2700460]\n\tGetHandleVerifier [0x00A83B10+635936]\n\t(No symbol) [0x00974A1F]\n\t(No symbol) [0x0097A418]\n\t(No symbol) [0x0097A505]\n\t(No symbol) [0x0098508B]\n\tBaseThreadInitThunk [0x76AA7D69+25]\n\tRtlInitializeExceptionChain [0x7787BB9B+107]\n\tRtlClearBits [0x7787BB1F+191]", "trace": "driver_with_cookies = <selenium.webdriver.chrome.webdriver.WebDriver (session=\"a106b1f8c1bda43bdb0ad87fc6d4d162\")>, is_logged = None\n\n    @allure.feature('HomePage')\n    @allure.story('try to delete first note in the notes list')\n    @pytest.mark.smoke\n    def test_del_first(driver_with_cookies, is_logged):\n        with allure.step('Open page'):\n            home_page = HomePage(driver_with_cookies)\n            home_page.open()\n        with allure.step('go to first note in the notes list'):\n>           home_page.take_first_note()\n\ntests\\test_home_page.py:101: \n_ _ _ _ _ _ _ _ _ _ _ _ _ _ _ _ _ _ _ _ _ _ _ _ _ _ _ _ _ _ _ _ _ _ _ _ _ _ _ _ _ _ _ _ _ _ _ _ _ _ _ _ _ _ _ _ _ _ _ _ _ _ _ _ _ _ _ _ _ _ _ _ _ _ _ _ _ _ _ _ _ _ _ _ _ _ _ _ _ _ _ _\npages\\home_page.py:91: in take_first_note\n    self.element_wait(loc.NOTES_BUTTON_IN_LEFT_MENU, 15)\npages\\base_page.py:34: in element_wait\n    return WebDriverWait(self.driver, waiting_time).until(EC.presence_of_element_located(locator))\n_ _ _ _ _ _ _ _ _ _ _ _ _ _ _ _ _ _ _ _ _ _ _ _ _ _ _ _ _ _ _ _ _ _ _ _ _ _ _ _ _ _ _ _ _ _ _ _ _ _ _ _ _ _ _ _ _ _ _ _ _ _ _ _ _ _ _ _ _ _ _ _ _ _ _ _ _ _ _ _ _ _ _ _ _ _ _ _ _ _ _ _\n\nself = <selenium.webdriver.support.wait.WebDriverWait (session=\"a106b1f8c1bda43bdb0ad87fc6d4d162\")>\nmethod = <function presence_of_element_located.<locals>._predicate at 0x000001CFE6735360>, message = ''\n\n    def until(self, method, message: str = \"\"):\n        \"\"\"Calls the method provided with the driver as an argument until the \\\n        return value does not evaluate to ``False``.\n    \n        :param method: callable(WebDriver)\n        :param message: optional message for :exc:`TimeoutException`\n        :returns: the result of the last call to `method`\n        :raises: :exc:`selenium.common.exceptions.TimeoutException` if timeout occurs\n        \"\"\"\n        screen = None\n        stacktrace = None\n    \n        end_time = time.monotonic() + self._timeout\n        while True:\n            try:\n                value = method(self._driver)\n                if value:\n                    return value\n            except self._ignored_exceptions as exc:\n                screen = getattr(exc, \"screen\", None)\n                stacktrace = getattr(exc, \"stacktrace\", None)\n            time.sleep(self._poll)\n            if time.monotonic() > end_time:\n                break\n>       raise TimeoutException(message, screen, stacktrace)\nE       selenium.common.exceptions.TimeoutException: Message: \nE       Stacktrace:\nE       Backtrace:\nE       \t(No symbol) [0x009D6643]\nE       \t(No symbol) [0x0096BE21]\nE       \t(No symbol) [0x0086DA9D]\nE       \t(No symbol) [0x008A1342]\nE       \t(No symbol) [0x008A147B]\nE       \t(No symbol) [0x008D8DC2]\nE       \t(No symbol) [0x008BFDC4]\nE       \t(No symbol) [0x008D6B09]\nE       \t(No symbol) [0x008BFB76]\nE       \t(No symbol) [0x008949C1]\nE       \t(No symbol) [0x00895E5D]\nE       \tGetHandleVerifier [0x00C4A142+2497106]\nE       \tGetHandleVerifier [0x00C785D3+2686691]\nE       \tGetHandleVerifier [0x00C7BB9C+2700460]\nE       \tGetHandleVerifier [0x00A83B10+635936]\nE       \t(No symbol) [0x00974A1F]\nE       \t(No symbol) [0x0097A418]\nE       \t(No symbol) [0x0097A505]\nE       \t(No symbol) [0x0098508B]\nE       \tBaseThreadInitThunk [0x76AA7D69+25]\nE       \tRtlInitializeExceptionChain [0x7787BB9B+107]\nE       \tRtlClearBits [0x7787BB1F+191]\n\nvenv\\lib\\site-packages\\selenium\\webdriver\\support\\wait.py:95: TimeoutException"}, "steps": [{"name": "Open page", "status": "passed", "start": 1676301964622, "stop": 1676301965347}, {"name": "go to first note in the notes list", "status": "broken", "statusDetails": {"message": "selenium.common.exceptions.TimeoutException: Message: \nStacktrace:\nBacktrace:\n\t(No symbol) [0x009D6643]\n\t(No symbol) [0x0096BE21]\n\t(No symbol) [0x0086DA9D]\n\t(No symbol) [0x008A1342]\n\t(No symbol) [0x008A147B]\n\t(No symbol) [0x008D8DC2]\n\t(No symbol) [0x008BFDC4]\n\t(No symbol) [0x008D6B09]\n\t(No symbol) [0x008BFB76]\n\t(No symbol) [0x008949C1]\n\t(No symbol) [0x00895E5D]\n\tGetHandleVerifier [0x00C4A142+2497106]\n\tGetHandleVerifier [0x00C785D3+2686691]\n\tGetHandleVerifier [0x00C7BB9C+2700460]\n\tGetHandleVerifier [0x00A83B10+635936]\n\t(No symbol) [0x00974A1F]\n\t(No symbol) [0x0097A418]\n\t(No symbol) [0x0097A505]\n\t(No symbol) [0x0098508B]\n\tBaseThreadInitThunk [0x76AA7D69+25]\n\tRtlInitializeExceptionChain [0x7787BB9B+107]\n\tRtlClearBits [0x7787BB1F+191]\n\n", "trace": "  File \"C:\\Anton Lepesiy QAP10-onl\\Dyploma-project\\Evernote-Web-TEST\\tests\\test_home_page.py\", line 101, in test_del_first\n    home_page.take_first_note()\n  File \"C:\\Anton Lepesiy QAP10-onl\\Dyploma-project\\Evernote-Web-TEST\\pages\\home_page.py\", line 91, in take_first_note\n    self.element_wait(loc.NOTES_BUTTON_IN_LEFT_MENU, 15)\n  File \"C:\\Anton Lepesiy QAP10-onl\\Dyploma-project\\Evernote-Web-TEST\\pages\\base_page.py\", line 34, in element_wait\n    return WebDriverWait(self.driver, waiting_time).until(EC.presence_of_element_located(locator))\n  File \"C:\\Anton Lepesiy QAP10-onl\\Dyploma-project\\Evernote-Web-TEST\\venv\\lib\\site-packages\\selenium\\webdriver\\support\\wait.py\", line 95, in until\n    raise TimeoutException(message, screen, stacktrace)\n"}, "steps": [{"name": "go to the notes list", "status": "broken", "statusDetails": {"message": "selenium.common.exceptions.TimeoutException: Message: \nStacktrace:\nBacktrace:\n\t(No symbol) [0x009D6643]\n\t(No symbol) [0x0096BE21]\n\t(No symbol) [0x0086DA9D]\n\t(No symbol) [0x008A1342]\n\t(No symbol) [0x008A147B]\n\t(No symbol) [0x008D8DC2]\n\t(No symbol) [0x008BFDC4]\n\t(No symbol) [0x008D6B09]\n\t(No symbol) [0x008BFB76]\n\t(No symbol) [0x008949C1]\n\t(No symbol) [0x00895E5D]\n\tGetHandleVerifier [0x00C4A142+2497106]\n\tGetHandleVerifier [0x00C785D3+2686691]\n\tGetHandleVerifier [0x00C7BB9C+2700460]\n\tGetHandleVerifier [0x00A83B10+635936]\n\t(No symbol) [0x00974A1F]\n\t(No symbol) [0x0097A418]\n\t(No symbol) [0x0097A505]\n\t(No symbol) [0x0098508B]\n\tBaseThreadInitThunk [0x76AA7D69+25]\n\tRtlInitializeExceptionChain [0x7787BB9B+107]\n\tRtlClearBits [0x7787BB1F+191]\n\n", "trace": "  File \"C:\\Anton Lepesiy QAP10-onl\\Dyploma-project\\Evernote-Web-TEST\\pages\\home_page.py\", line 91, in take_first_note\n    self.element_wait(loc.NOTES_BUTTON_IN_LEFT_MENU, 15)\n  File \"C:\\Anton Lepesiy QAP10-onl\\Dyploma-project\\Evernote-Web-TEST\\pages\\base_page.py\", line 34, in element_wait\n    return WebDriverWait(self.driver, waiting_time).until(EC.presence_of_element_located(locator))\n  File \"C:\\Anton Lepesiy QAP10-onl\\Dyploma-project\\Evernote-Web-TEST\\venv\\lib\\site-packages\\selenium\\webdriver\\support\\wait.py\", line 95, in until\n    raise TimeoutException(message, screen, stacktrace)\n"}, "start": 1676301965347, "stop": 1676301986465}], "start": 1676301965347, "stop": 1676301986465}], "start": 1676301964622, "stop": 1676301986466, "uuid": "b04cc25b-838c-4853-8a4d-b38a092474f0", "historyId": "cd6d8963d21eb8c3c947ecb22ac38aac", "testCaseId": "33ccd8d04a29b642615dd467ee7c504a", "fullName": "tests.test_home_page#test_del_first", "labels": [{"name": "story", "value": "try to delete first note in the notes list"}, {"name": "feature", "value": "HomePage"}, {"name": "tag", "value": "smoke"}, {"name": "parentSuite", "value": "tests"}, {"name": "suite", "value": "test_home_page"}, {"name": "host", "value": "LAPTOP-V8DDT686"}, {"name": "thread", "value": "10780-MainThread"}, {"name": "framework", "value": "pytest"}, {"name": "language", "value": "cpython3"}, {"name": "package", "value": "tests.test_home_page"}]}