{"name": "test_create_and_check_new_note_body", "status": "broken", "statusDetails": {"message": "selenium.common.exceptions.TimeoutException: Message: \nStacktrace:\nBacktrace:\n\t(No symbol) [0x00936643]\n\t(No symbol) [0x008CBE21]\n\t(No symbol) [0x007CDA9D]\n\t(No symbol) [0x00801342]\n\t(No symbol) [0x0080147B]\n\t(No symbol) [0x00838DC2]\n\t(No symbol) [0x0081FDC4]\n\t(No symbol) [0x00836B09]\n\t(No symbol) [0x0081FB76]\n\t(No symbol) [0x007F49C1]\n\t(No symbol) [0x007F5E5D]\n\tGetHandleVerifier [0x00BAA142+2497106]\n\tGetHandleVerifier [0x00BD85D3+2686691]\n\tGetHandleVerifier [0x00BDBB9C+2700460]\n\tGetHandleVerifier [0x009E3B10+635936]\n\t(No symbol) [0x008D4A1F]\n\t(No symbol) [0x008DA418]\n\t(No symbol) [0x008DA505]\n\t(No symbol) [0x008E508B]\n\tBaseThreadInitThunk [0x76AA7D69+25]\n\tRtlInitializeExceptionChain [0x7787BB9B+107]\n\tRtlClearBits [0x7787BB1F+191]", "trace": "driver_with_cookies = <selenium.webdriver.chrome.webdriver.WebDriver (session=\"acd171fcc28e98617b62b85a0df38f74\")>, is_logged = None\n\n    @allure.feature('HomePage')\n    @allure.story('create new one note with button in the page\\'s body')\n    def test_create_and_check_new_note_body(driver_with_cookies, is_logged):\n        with allure.step('Open page'):\n            home_page = HomePage(driver_with_cookies)\n            home_page.open()\n        with allure.step('try to create some note'):\n>           assert home_page.create_note_with_button_in_homepage_body(note_title, note_body)\n\ntests\\test_home_page.py:63: \n_ _ _ _ _ _ _ _ _ _ _ _ _ _ _ _ _ _ _ _ _ _ _ _ _ _ _ _ _ _ _ _ _ _ _ _ _ _ _ _ _ _ _ _ _ _ _ _ _ _ _ _ _ _ _ _ _ _ _ _ _ _ _ _ _ _ _ _ _ _ _ _ _ _ _ _ _ _ _ _ _ _ _ _ _ _ _ _ _ _ _ _\npages\\home_page.py:73: in create_note_with_button_in_homepage_body\n    self.element_wait(loc.NOTES_BUTTON_IN_BODY, 10)\npages\\base_page.py:34: in element_wait\n    return WebDriverWait(self.driver, waiting_time).until(EC.presence_of_element_located(locator))\n_ _ _ _ _ _ _ _ _ _ _ _ _ _ _ _ _ _ _ _ _ _ _ _ _ _ _ _ _ _ _ _ _ _ _ _ _ _ _ _ _ _ _ _ _ _ _ _ _ _ _ _ _ _ _ _ _ _ _ _ _ _ _ _ _ _ _ _ _ _ _ _ _ _ _ _ _ _ _ _ _ _ _ _ _ _ _ _ _ _ _ _\n\nself = <selenium.webdriver.support.wait.WebDriverWait (session=\"acd171fcc28e98617b62b85a0df38f74\")>\nmethod = <function presence_of_element_located.<locals>._predicate at 0x0000022D66533AC0>, message = ''\n\n    def until(self, method, message: str = \"\"):\n        \"\"\"Calls the method provided with the driver as an argument until the \\\n        return value does not evaluate to ``False``.\n    \n        :param method: callable(WebDriver)\n        :param message: optional message for :exc:`TimeoutException`\n        :returns: the result of the last call to `method`\n        :raises: :exc:`selenium.common.exceptions.TimeoutException` if timeout occurs\n        \"\"\"\n        screen = None\n        stacktrace = None\n    \n        end_time = time.monotonic() + self._timeout\n        while True:\n            try:\n                value = method(self._driver)\n                if value:\n                    return value\n            except self._ignored_exceptions as exc:\n                screen = getattr(exc, \"screen\", None)\n                stacktrace = getattr(exc, \"stacktrace\", None)\n            time.sleep(self._poll)\n            if time.monotonic() > end_time:\n                break\n>       raise TimeoutException(message, screen, stacktrace)\nE       selenium.common.exceptions.TimeoutException: Message: \nE       Stacktrace:\nE       Backtrace:\nE       \t(No symbol) [0x00936643]\nE       \t(No symbol) [0x008CBE21]\nE       \t(No symbol) [0x007CDA9D]\nE       \t(No symbol) [0x00801342]\nE       \t(No symbol) [0x0080147B]\nE       \t(No symbol) [0x00838DC2]\nE       \t(No symbol) [0x0081FDC4]\nE       \t(No symbol) [0x00836B09]\nE       \t(No symbol) [0x0081FB76]\nE       \t(No symbol) [0x007F49C1]\nE       \t(No symbol) [0x007F5E5D]\nE       \tGetHandleVerifier [0x00BAA142+2497106]\nE       \tGetHandleVerifier [0x00BD85D3+2686691]\nE       \tGetHandleVerifier [0x00BDBB9C+2700460]\nE       \tGetHandleVerifier [0x009E3B10+635936]\nE       \t(No symbol) [0x008D4A1F]\nE       \t(No symbol) [0x008DA418]\nE       \t(No symbol) [0x008DA505]\nE       \t(No symbol) [0x008E508B]\nE       \tBaseThreadInitThunk [0x76AA7D69+25]\nE       \tRtlInitializeExceptionChain [0x7787BB9B+107]\nE       \tRtlClearBits [0x7787BB1F+191]\n\nvenv\\lib\\site-packages\\selenium\\webdriver\\support\\wait.py:95: TimeoutException"}, "steps": [{"name": "Open page", "status": "passed", "start": 1676301544367, "stop": 1676301545264}, {"name": "try to create some note", "status": "broken", "statusDetails": {"message": "selenium.common.exceptions.TimeoutException: Message: \nStacktrace:\nBacktrace:\n\t(No symbol) [0x00936643]\n\t(No symbol) [0x008CBE21]\n\t(No symbol) [0x007CDA9D]\n\t(No symbol) [0x00801342]\n\t(No symbol) [0x0080147B]\n\t(No symbol) [0x00838DC2]\n\t(No symbol) [0x0081FDC4]\n\t(No symbol) [0x00836B09]\n\t(No symbol) [0x0081FB76]\n\t(No symbol) [0x007F49C1]\n\t(No symbol) [0x007F5E5D]\n\tGetHandleVerifier [0x00BAA142+2497106]\n\tGetHandleVerifier [0x00BD85D3+2686691]\n\tGetHandleVerifier [0x00BDBB9C+2700460]\n\tGetHandleVerifier [0x009E3B10+635936]\n\t(No symbol) [0x008D4A1F]\n\t(No symbol) [0x008DA418]\n\t(No symbol) [0x008DA505]\n\t(No symbol) [0x008E508B]\n\tBaseThreadInitThunk [0x76AA7D69+25]\n\tRtlInitializeExceptionChain [0x7787BB9B+107]\n\tRtlClearBits [0x7787BB1F+191]\n\n", "trace": "  File \"C:\\Anton Lepesiy QAP10-onl\\Dyploma-project\\Evernote-Web-TEST\\tests\\test_home_page.py\", line 63, in test_create_and_check_new_note_body\n    assert home_page.create_note_with_button_in_homepage_body(note_title, note_body)\n  File \"C:\\Anton Lepesiy QAP10-onl\\Dyploma-project\\Evernote-Web-TEST\\pages\\home_page.py\", line 73, in create_note_with_button_in_homepage_body\n    self.element_wait(loc.NOTES_BUTTON_IN_BODY, 10)\n  File \"C:\\Anton Lepesiy QAP10-onl\\Dyploma-project\\Evernote-Web-TEST\\pages\\base_page.py\", line 34, in element_wait\n    return WebDriverWait(self.driver, waiting_time).until(EC.presence_of_element_located(locator))\n  File \"C:\\Anton Lepesiy QAP10-onl\\Dyploma-project\\Evernote-Web-TEST\\venv\\lib\\site-packages\\selenium\\webdriver\\support\\wait.py\", line 95, in until\n    raise TimeoutException(message, screen, stacktrace)\n"}, "start": 1676301545264, "stop": 1676301555832}], "start": 1676301544366, "stop": 1676301555840, "uuid": "5780d81c-168e-4ab2-82c5-3bedefe9b46c", "historyId": "fed3d1682c26043107da32d592354ed7", "testCaseId": "7a883defa2417cef89c55fd1a912e830", "fullName": "tests.test_home_page#test_create_and_check_new_note_body", "labels": [{"name": "feature", "value": "HomePage"}, {"name": "story", "value": "create new one note with button in the page's body"}, {"name": "parentSuite", "value": "tests"}, {"name": "suite", "value": "test_home_page"}, {"name": "host", "value": "LAPTOP-V8DDT686"}, {"name": "thread", "value": "10380-MainThread"}, {"name": "framework", "value": "pytest"}, {"name": "language", "value": "cpython3"}, {"name": "package", "value": "tests.test_home_page"}]}